<?xml version="1.0" encoding="UTF-8"?>
<!-- Generated by org.testng.reporters.JUnitXMLReporter -->
<testsuite ignored="1" hostname="ANUKIRAN" failures="0" tests="3" name="ChromeTest" time="12.99" errors="0" timestamp="2024-10-28T23:39:16 EDT">
  <testcase classname="testCase.LogInPageTest" name="verifyLogInWithExcelData" time="0.638"/>
  <testcase classname="testCase.LogInPageTest" name="verifyLogInWithExcelData" time="0.517"/>
  <testcase classname="testCase.LogInPageTest" name="verifyLogInWithValidData" time="0.999"/>
  <testcase classname="testCase.LogInPageTest" name="verifyLogInWithInValidData" time="0.0">
    <ignored/>
  </testcase> <!-- verifyLogInWithInValidData -->
</testsuite> <!-- ChromeTest -->
