<?xml version="1.0" encoding="UTF-8"?>
<!-- Generated by org.testng.reporters.JUnitXMLReporter -->
<testsuite ignored="1" hostname="ANUKIRAN" failures="0" tests="14" name="ChromeTest" time="87.717" errors="0" timestamp="2024-11-02T14:30:33 EDT">
  <testcase classname="testCase.LogInPageTest" name="verifyLogInWithExcelData" time="0.603"/>
  <testcase classname="testCase.LogInPageTest" name="verifyLogInWithExcelData" time="0.601"/>
  <testcase classname="testCase.LogInPageTest" name="verifyLogInWithValidData" time="0.968"/>
  <testcase classname="testCase.SubCategoryTest" name="deleteSubCategory" time="3.278"/>
  <testcase classname="testCase.SubCategoryTest" name="updateSubCategory" time="2.823"/>
  <testcase classname="testCase.SubCategoryTest" name="verifyNewSubCategory" time="5.348"/>
  <testcase classname="testCase.AdminUsersTest" name="verifyAddAdminUsers" time="3.018"/>
  <testcase classname="testCase.AdminUsersTest" name="verifyUserStatus" time="2.216"/>
  <testcase classname="testCase.CategoryPageTest" name="verifyDeleteCategory" time="2.619"/>
  <testcase classname="testCase.CategoryPageTest" name="verifyEditCategory" time="3.197"/>
  <testcase classname="testCase.ManageContactTest" name="editContact" time="7.441"/>
  <testcase classname="testCase.ManageNewsTest" name="verifyAddedNews" time="2.8"/>
  <testcase classname="testCase.ManageNewsTest" name="verifyDeleteNews" time="2.207"/>
  <testcase classname="testCase.ManageNewsTest" name="verifyEditNews" time="2.6"/>
  <testcase classname="testCase.LogInPageTest" name="verifyLogInWithInValidData" time="0.0">
    <ignored/>
  </testcase> <!-- verifyLogInWithInValidData -->
</testsuite> <!-- ChromeTest -->
