<?xml version="1.0" encoding="UTF-8"?>
<!-- Generated by org.testng.reporters.JUnitXMLReporter -->
<testsuite ignored="1" hostname="ANUKIRAN" failures="0" tests="14" name="FirefoxTest" time="143.091" errors="0" timestamp="2024-11-07T10:16:18 EST">
  <testcase classname="testCase.LogInPageTest" name="verifyLogInWithExcelData" time="0.445"/>
  <testcase classname="testCase.LogInPageTest" name="verifyLogInWithExcelData" time="0.547"/>
  <testcase classname="testCase.LogInPageTest" name="verifyLogInWithValidData" time="1.056"/>
  <testcase classname="testCase.SubCategoryTest" name="deleteSubCategory" time="3.542"/>
  <testcase classname="testCase.SubCategoryTest" name="updateSubCategory" time="2.732"/>
  <testcase classname="testCase.SubCategoryTest" name="verifyNewSubCategory" time="3.765"/>
  <testcase classname="testCase.AdminUsersTest" name="verifyAddAdminUsers" time="4.765"/>
  <testcase classname="testCase.AdminUsersTest" name="verifyUserStatus" time="4.001"/>
  <testcase classname="testCase.CategoryPageTest" name="verifyDeleteCategory" time="2.356"/>
  <testcase classname="testCase.CategoryPageTest" name="verifyEditCategory" time="3.302"/>
  <testcase classname="testCase.ManageContactTest" name="editContact" time="2.232"/>
  <testcase classname="testCase.ManageNewsTest" name="verifyAddedNews" time="2.478"/>
  <testcase classname="testCase.ManageNewsTest" name="verifyDeleteNews" time="1.924"/>
  <testcase classname="testCase.ManageNewsTest" name="verifyEditNews" time="2.82"/>
  <testcase classname="testCase.LogInPageTest" name="verifyLogInWithInValidData" time="0.0">
    <ignored/>
  </testcase> <!-- verifyLogInWithInValidData -->
</testsuite> <!-- FirefoxTest -->
