<?xml version="1.0" encoding="UTF-8"?>
<!-- Generated by org.testng.reporters.JUnitXMLReporter -->
<testsuite ignored="1" hostname="ANUKIRAN" failures="0" tests="14" name="FirefoxTest" time="117.68" errors="0" timestamp="2024-11-02T14:54:42 EDT">
  <testcase classname="testCase.LogInPageTest" name="verifyLogInWithExcelData" time="0.449"/>
  <testcase classname="testCase.LogInPageTest" name="verifyLogInWithExcelData" time="0.433"/>
  <testcase classname="testCase.LogInPageTest" name="verifyLogInWithValidData" time="1.055"/>
  <testcase classname="testCase.SubCategoryTest" name="deleteSubCategory" time="2.978"/>
  <testcase classname="testCase.SubCategoryTest" name="updateSubCategory" time="2.661"/>
  <testcase classname="testCase.SubCategoryTest" name="verifyNewSubCategory" time="3.295"/>
  <testcase classname="testCase.AdminUsersTest" name="verifyAddAdminUsers" time="3.629"/>
  <testcase classname="testCase.AdminUsersTest" name="verifyUserStatus" time="2.76"/>
  <testcase classname="testCase.CategoryPageTest" name="verifyDeleteCategory" time="2.172"/>
  <testcase classname="testCase.CategoryPageTest" name="verifyEditCategory" time="3.142"/>
  <testcase classname="testCase.ManageContactTest" name="editContact" time="2.201"/>
  <testcase classname="testCase.ManageNewsTest" name="verifyAddedNews" time="2.747"/>
  <testcase classname="testCase.ManageNewsTest" name="verifyDeleteNews" time="1.724"/>
  <testcase classname="testCase.ManageNewsTest" name="verifyEditNews" time="2.38"/>
  <testcase classname="testCase.LogInPageTest" name="verifyLogInWithInValidData" time="0.0">
    <ignored/>
  </testcase> <!-- verifyLogInWithInValidData -->
</testsuite> <!-- FirefoxTest -->
